{"/Users/joseph_shultz/Desktop/FrontEndCapstone/front-end-capstone/src/components/QuestionsAndAnswers/QandA.jsx": {"path":"/Users/joseph_shultz/Desktop/FrontEndCapstone/front-end-capstone/src/components/QuestionsAndAnswers/QandA.jsx","statementMap":{"0":{"start":{"line":10,"column":16},"end":{"line":13,"column":2}},"1":{"start":{"line":17,"column":4},"end":{"line":17,"column":17}},"2":{"start":{"line":18,"column":4},"end":{"line":29,"column":5}},"3":{"start":{"line":33,"column":22},"end":{"line":39,"column":3}},"4":{"start":{"line":35,"column":4},"end":{"line":35,"column":37}},"5":{"start":{"line":36,"column":4},"end":{"line":36,"column":48}},"6":{"start":{"line":44,"column":10},"end":{"line":57,"column":3}},"7":{"start":{"line":46,"column":15},"end":{"line":46,"column":115}},"8":{"start":{"line":47,"column":4},"end":{"line":56,"column":8}},"9":{"start":{"line":50,"column":8},"end":{"line":52,"column":10}},"10":{"start":{"line":55,"column":8},"end":{"line":55,"column":64}},"11":{"start":{"line":60,"column":21},"end":{"line":73,"column":3}},"12":{"start":{"line":62,"column":15},"end":{"line":62,"column":100}},"13":{"start":{"line":63,"column":4},"end":{"line":72,"column":8}},"14":{"start":{"line":66,"column":8},"end":{"line":68,"column":10}},"15":{"start":{"line":71,"column":8},"end":{"line":71,"column":77}},"16":{"start":{"line":76,"column":11},"end":{"line":96,"column":3}},"17":{"start":{"line":77,"column":4},"end":{"line":95,"column":5}},"18":{"start":{"line":78,"column":25},"end":{"line":78,"column":27}},"19":{"start":{"line":79,"column":6},"end":{"line":86,"column":8}},"20":{"start":{"line":80,"column":19},"end":{"line":80,"column":41}},"21":{"start":{"line":81,"column":8},"end":{"line":81,"column":72}},"22":{"start":{"line":82,"column":8},"end":{"line":85,"column":9}},"23":{"start":{"line":83,"column":10},"end":{"line":83,"column":30}},"24":{"start":{"line":84,"column":10},"end":{"line":84,"column":37}},"25":{"start":{"line":87,"column":6},"end":{"line":90,"column":8}},"26":{"start":{"line":92,"column":6},"end":{"line":94,"column":8}},"27":{"start":{"line":99,"column":10},"end":{"line":109,"column":3}},"28":{"start":{"line":100,"column":4},"end":{"line":108,"column":5}},"29":{"start":{"line":101,"column":6},"end":{"line":103,"column":8}},"30":{"start":{"line":105,"column":6},"end":{"line":107,"column":8}},"31":{"start":{"line":112,"column":15},"end":{"line":122,"column":3}},"32":{"start":{"line":113,"column":4},"end":{"line":121,"column":5}},"33":{"start":{"line":114,"column":6},"end":{"line":116,"column":8}},"34":{"start":{"line":118,"column":6},"end":{"line":120,"column":8}},"35":{"start":{"line":125,"column":15},"end":{"line":137,"column":3}},"36":{"start":{"line":126,"column":4},"end":{"line":136,"column":5}},"37":{"start":{"line":127,"column":6},"end":{"line":129,"column":8}},"38":{"start":{"line":131,"column":6},"end":{"line":135,"column":8}},"39":{"start":{"line":143,"column":4},"end":{"line":147,"column":5}},"40":{"start":{"line":144,"column":6},"end":{"line":144,"column":35}},"41":{"start":{"line":146,"column":6},"end":{"line":146,"column":37}},"42":{"start":{"line":151,"column":4},"end":{"line":159,"column":5}},"43":{"start":{"line":152,"column":6},"end":{"line":156,"column":7}},"44":{"start":{"line":153,"column":8},"end":{"line":153,"column":102}},"45":{"start":{"line":155,"column":8},"end":{"line":155,"column":28}},"46":{"start":{"line":158,"column":6},"end":{"line":158,"column":107}},"47":{"start":{"line":163,"column":4},"end":{"line":169,"column":5}},"48":{"start":{"line":164,"column":6},"end":{"line":164,"column":28}},"49":{"start":{"line":166,"column":6},"end":{"line":168,"column":10}},"50":{"start":{"line":172,"column":4},"end":{"line":184,"column":5}}},"fnMap":{"0":{"name":"(anonymous_0)","decl":{"start":{"line":16,"column":2},"end":{"line":16,"column":3}},"loc":{"start":{"line":16,"column":21},"end":{"line":30,"column":3}},"line":16},"1":{"name":"(anonymous_1)","decl":{"start":{"line":33,"column":22},"end":{"line":33,"column":23}},"loc":{"start":{"line":33,"column":28},"end":{"line":39,"column":3}},"line":33},"2":{"name":"(anonymous_2)","decl":{"start":{"line":44,"column":10},"end":{"line":44,"column":11}},"loc":{"start":{"line":44,"column":26},"end":{"line":57,"column":3}},"line":44},"3":{"name":"(anonymous_3)","decl":{"start":{"line":48,"column":12},"end":{"line":48,"column":13}},"loc":{"start":{"line":48,"column":21},"end":{"line":53,"column":7}},"line":48},"4":{"name":"(anonymous_4)","decl":{"start":{"line":54,"column":13},"end":{"line":54,"column":14}},"loc":{"start":{"line":54,"column":22},"end":{"line":56,"column":7}},"line":54},"5":{"name":"(anonymous_5)","decl":{"start":{"line":60,"column":21},"end":{"line":60,"column":22}},"loc":{"start":{"line":60,"column":37},"end":{"line":73,"column":3}},"line":60},"6":{"name":"(anonymous_6)","decl":{"start":{"line":64,"column":12},"end":{"line":64,"column":13}},"loc":{"start":{"line":64,"column":21},"end":{"line":69,"column":7}},"line":64},"7":{"name":"(anonymous_7)","decl":{"start":{"line":70,"column":13},"end":{"line":70,"column":14}},"loc":{"start":{"line":70,"column":22},"end":{"line":72,"column":7}},"line":70},"8":{"name":"(anonymous_8)","decl":{"start":{"line":76,"column":11},"end":{"line":76,"column":12}},"loc":{"start":{"line":76,"column":30},"end":{"line":96,"column":3}},"line":76},"9":{"name":"(anonymous_9)","decl":{"start":{"line":79,"column":35},"end":{"line":79,"column":36}},"loc":{"start":{"line":79,"column":49},"end":{"line":86,"column":7}},"line":79},"10":{"name":"(anonymous_10)","decl":{"start":{"line":99,"column":10},"end":{"line":99,"column":11}},"loc":{"start":{"line":99,"column":16},"end":{"line":109,"column":3}},"line":99},"11":{"name":"(anonymous_11)","decl":{"start":{"line":112,"column":15},"end":{"line":112,"column":16}},"loc":{"start":{"line":112,"column":21},"end":{"line":122,"column":3}},"line":112},"12":{"name":"(anonymous_12)","decl":{"start":{"line":125,"column":15},"end":{"line":125,"column":16}},"loc":{"start":{"line":125,"column":47},"end":{"line":137,"column":3}},"line":125},"13":{"name":"(anonymous_13)","decl":{"start":{"line":139,"column":2},"end":{"line":139,"column":3}},"loc":{"start":{"line":139,"column":11},"end":{"line":185,"column":3}},"line":139}},"branchMap":{"0":{"loc":{"start":{"line":77,"column":4},"end":{"line":95,"column":5}},"type":"if","locations":[{"start":{"line":77,"column":4},"end":{"line":95,"column":5}},{"start":{"line":91,"column":11},"end":{"line":95,"column":5}}],"line":77},"1":{"loc":{"start":{"line":82,"column":8},"end":{"line":85,"column":9}},"type":"if","locations":[{"start":{"line":82,"column":8},"end":{"line":85,"column":9}},{"start":{},"end":{}}],"line":82},"2":{"loc":{"start":{"line":100,"column":4},"end":{"line":108,"column":5}},"type":"if","locations":[{"start":{"line":100,"column":4},"end":{"line":108,"column":5}},{"start":{"line":104,"column":11},"end":{"line":108,"column":5}}],"line":100},"3":{"loc":{"start":{"line":113,"column":4},"end":{"line":121,"column":5}},"type":"if","locations":[{"start":{"line":113,"column":4},"end":{"line":121,"column":5}},{"start":{"line":117,"column":9},"end":{"line":121,"column":5}}],"line":113},"4":{"loc":{"start":{"line":126,"column":4},"end":{"line":136,"column":5}},"type":"if","locations":[{"start":{"line":126,"column":4},"end":{"line":136,"column":5}},{"start":{"line":130,"column":9},"end":{"line":136,"column":5}}],"line":126},"5":{"loc":{"start":{"line":143,"column":4},"end":{"line":147,"column":5}},"type":"if","locations":[{"start":{"line":143,"column":4},"end":{"line":147,"column":5}},{"start":{"line":145,"column":11},"end":{"line":147,"column":5}}],"line":143},"6":{"loc":{"start":{"line":151,"column":4},"end":{"line":159,"column":5}},"type":"if","locations":[{"start":{"line":151,"column":4},"end":{"line":159,"column":5}},{"start":{"line":157,"column":11},"end":{"line":159,"column":5}}],"line":151},"7":{"loc":{"start":{"line":152,"column":6},"end":{"line":156,"column":7}},"type":"if","locations":[{"start":{"line":152,"column":6},"end":{"line":156,"column":7}},{"start":{"line":154,"column":13},"end":{"line":156,"column":7}}],"line":152},"8":{"loc":{"start":{"line":163,"column":4},"end":{"line":169,"column":5}},"type":"if","locations":[{"start":{"line":163,"column":4},"end":{"line":169,"column":5}},{"start":{"line":165,"column":9},"end":{"line":169,"column":5}}],"line":163},"9":{"loc":{"start":{"line":175,"column":9},"end":{"line":175,"column":147}},"type":"binary-expr","locations":[{"start":{"line":175,"column":9},"end":{"line":175,"column":34}},{"start":{"line":175,"column":38},"end":{"line":175,"column":147}}],"line":175},"10":{"loc":{"start":{"line":176,"column":9},"end":{"line":176,"column":187}},"type":"binary-expr","locations":[{"start":{"line":176,"column":9},"end":{"line":176,"column":34}},{"start":{"line":176,"column":38},"end":{"line":176,"column":187}}],"line":176}},"s":{"0":1,"1":1,"2":1,"3":1,"4":1,"5":1,"6":1,"7":1,"8":1,"9":0,"10":0,"11":1,"12":1,"13":1,"14":0,"15":0,"16":1,"17":0,"18":0,"19":0,"20":0,"21":0,"22":0,"23":0,"24":0,"25":0,"26":0,"27":1,"28":0,"29":0,"30":0,"31":1,"32":0,"33":0,"34":0,"35":1,"36":0,"37":0,"38":0,"39":1,"40":0,"41":1,"42":1,"43":1,"44":0,"45":1,"46":0,"47":1,"48":1,"49":0,"50":1},"f":{"0":1,"1":1,"2":1,"3":0,"4":0,"5":1,"6":0,"7":0,"8":0,"9":0,"10":0,"11":0,"12":0,"13":1},"b":{"0":[0,0],"1":[0,0],"2":[0,0],"3":[0,0],"4":[0,0],"5":[0,1],"6":[1,0],"7":[0,1],"8":[1,0],"9":[1,0],"10":[1,0]},"_coverageSchema":"1a1c01bbd47fc00a2c39e90264f33305004495a9","hash":"e327669e16a76fae426f98d6b783cac4e8b070b9"}
,"/Users/joseph_shultz/Desktop/FrontEndCapstone/front-end-capstone/src/components/QuestionsAndAnswers/Search.jsx": {"path":"/Users/joseph_shultz/Desktop/FrontEndCapstone/front-end-capstone/src/components/QuestionsAndAnswers/Search.jsx","statementMap":{"0":{"start":{"line":5,"column":4},"end":{"line":5,"column":17}},"1":{"start":{"line":6,"column":4},"end":{"line":8,"column":5}},"2":{"start":{"line":12,"column":17},"end":{"line":26,"column":3}},"3":{"start":{"line":13,"column":4},"end":{"line":19,"column":6}},"4":{"start":{"line":16,"column":6},"end":{"line":18,"column":7}},"5":{"start":{"line":17,"column":8},"end":{"line":17,"column":27}},"6":{"start":{"line":29,"column":17},"end":{"line":31,"column":3}},"7":{"start":{"line":30,"column":4},"end":{"line":30,"column":64}},"8":{"start":{"line":35,"column":4},"end":{"line":42,"column":5}}},"fnMap":{"0":{"name":"(anonymous_0)","decl":{"start":{"line":4,"column":2},"end":{"line":4,"column":3}},"loc":{"start":{"line":4,"column":21},"end":{"line":9,"column":3}},"line":4},"1":{"name":"(anonymous_1)","decl":{"start":{"line":12,"column":17},"end":{"line":12,"column":18}},"loc":{"start":{"line":12,"column":24},"end":{"line":26,"column":3}},"line":12},"2":{"name":"(anonymous_2)","decl":{"start":{"line":15,"column":7},"end":{"line":15,"column":8}},"loc":{"start":{"line":15,"column":13},"end":{"line":19,"column":5}},"line":15},"3":{"name":"(anonymous_3)","decl":{"start":{"line":29,"column":17},"end":{"line":29,"column":18}},"loc":{"start":{"line":29,"column":23},"end":{"line":31,"column":3}},"line":29},"4":{"name":"(anonymous_4)","decl":{"start":{"line":34,"column":2},"end":{"line":34,"column":3}},"loc":{"start":{"line":34,"column":11},"end":{"line":43,"column":3}},"line":34}},"branchMap":{"0":{"loc":{"start":{"line":16,"column":6},"end":{"line":18,"column":7}},"type":"if","locations":[{"start":{"line":16,"column":6},"end":{"line":18,"column":7}},{"start":{},"end":{}}],"line":16}},"s":{"0":1,"1":1,"2":1,"3":0,"4":0,"5":0,"6":1,"7":0,"8":1},"f":{"0":1,"1":0,"2":0,"3":0,"4":1},"b":{"0":[0,0]},"_coverageSchema":"1a1c01bbd47fc00a2c39e90264f33305004495a9","hash":"6cbe73a90b20d6620e68d80d3e5f5398a56e4874"}
,"/Users/joseph_shultz/Desktop/FrontEndCapstone/front-end-capstone/src/components/QuestionsAndAnswers/Modals/AModal.jsx": {"path":"/Users/joseph_shultz/Desktop/FrontEndCapstone/front-end-capstone/src/components/QuestionsAndAnswers/Modals/AModal.jsx","statementMap":{"0":{"start":{"line":6,"column":4},"end":{"line":6,"column":17}},"1":{"start":{"line":7,"column":4},"end":{"line":12,"column":5}},"2":{"start":{"line":16,"column":12},"end":{"line":54,"column":3}},"3":{"start":{"line":17,"column":4},"end":{"line":17,"column":22}},"4":{"start":{"line":18,"column":46},"end":{"line":18,"column":56}},"5":{"start":{"line":19,"column":4},"end":{"line":19,"column":32}},"6":{"start":{"line":22,"column":4},"end":{"line":53,"column":5}},"7":{"start":{"line":23,"column":6},"end":{"line":37,"column":10}},"8":{"start":{"line":32,"column":10},"end":{"line":32,"column":26}},"9":{"start":{"line":33,"column":10},"end":{"line":33,"column":29}},"10":{"start":{"line":36,"column":10},"end":{"line":36,"column":83}},"11":{"start":{"line":39,"column":19},"end":{"line":39,"column":60}},"12":{"start":{"line":40,"column":6},"end":{"line":42,"column":7}},"13":{"start":{"line":41,"column":8},"end":{"line":41,"column":27}},"14":{"start":{"line":43,"column":6},"end":{"line":45,"column":7}},"15":{"start":{"line":44,"column":8},"end":{"line":44,"column":29}},"16":{"start":{"line":46,"column":6},"end":{"line":48,"column":7}},"17":{"start":{"line":47,"column":8},"end":{"line":47,"column":26}},"18":{"start":{"line":52,"column":6},"end":{"line":52,"column":19}},"19":{"start":{"line":57,"column":4},"end":{"line":92,"column":5}},"20":{"start":{"line":60,"column":62},"end":{"line":60,"column":81}},"21":{"start":{"line":66,"column":80},"end":{"line":66,"column":121}},"22":{"start":{"line":70,"column":109},"end":{"line":70,"column":152}},"23":{"start":{"line":77,"column":128},"end":{"line":77,"column":168}}},"fnMap":{"0":{"name":"(anonymous_0)","decl":{"start":{"line":5,"column":2},"end":{"line":5,"column":3}},"loc":{"start":{"line":5,"column":21},"end":{"line":13,"column":3}},"line":5},"1":{"name":"(anonymous_1)","decl":{"start":{"line":16,"column":12},"end":{"line":16,"column":13}},"loc":{"start":{"line":16,"column":19},"end":{"line":54,"column":3}},"line":16},"2":{"name":"(anonymous_2)","decl":{"start":{"line":31,"column":14},"end":{"line":31,"column":15}},"loc":{"start":{"line":31,"column":23},"end":{"line":34,"column":9}},"line":31},"3":{"name":"(anonymous_3)","decl":{"start":{"line":35,"column":15},"end":{"line":35,"column":16}},"loc":{"start":{"line":35,"column":24},"end":{"line":37,"column":9}},"line":35},"4":{"name":"(anonymous_4)","decl":{"start":{"line":56,"column":2},"end":{"line":56,"column":3}},"loc":{"start":{"line":56,"column":11},"end":{"line":93,"column":3}},"line":56},"5":{"name":"(anonymous_5)","decl":{"start":{"line":60,"column":54},"end":{"line":60,"column":55}},"loc":{"start":{"line":60,"column":60},"end":{"line":60,"column":83}},"line":60},"6":{"name":"(anonymous_6)","decl":{"start":{"line":66,"column":71},"end":{"line":66,"column":72}},"loc":{"start":{"line":66,"column":78},"end":{"line":66,"column":123}},"line":66},"7":{"name":"(anonymous_7)","decl":{"start":{"line":70,"column":100},"end":{"line":70,"column":101}},"loc":{"start":{"line":70,"column":107},"end":{"line":70,"column":154}},"line":70},"8":{"name":"(anonymous_8)","decl":{"start":{"line":77,"column":119},"end":{"line":77,"column":120}},"loc":{"start":{"line":77,"column":126},"end":{"line":77,"column":170}},"line":77}},"branchMap":{"0":{"loc":{"start":{"line":22,"column":4},"end":{"line":53,"column":5}},"type":"if","locations":[{"start":{"line":22,"column":4},"end":{"line":53,"column":5}},{"start":{"line":38,"column":11},"end":{"line":53,"column":5}}],"line":22},"1":{"loc":{"start":{"line":22,"column":8},"end":{"line":22,"column":35}},"type":"binary-expr","locations":[{"start":{"line":22,"column":8},"end":{"line":22,"column":14}},{"start":{"line":22,"column":18},"end":{"line":22,"column":26}},{"start":{"line":22,"column":30},"end":{"line":22,"column":35}}],"line":22},"2":{"loc":{"start":{"line":40,"column":6},"end":{"line":42,"column":7}},"type":"if","locations":[{"start":{"line":40,"column":6},"end":{"line":42,"column":7}},{"start":{},"end":{}}],"line":40},"3":{"loc":{"start":{"line":43,"column":6},"end":{"line":45,"column":7}},"type":"if","locations":[{"start":{"line":43,"column":6},"end":{"line":45,"column":7}},{"start":{},"end":{}}],"line":43},"4":{"loc":{"start":{"line":46,"column":6},"end":{"line":48,"column":7}},"type":"if","locations":[{"start":{"line":46,"column":6},"end":{"line":48,"column":7}},{"start":{},"end":{}}],"line":46}},"s":{"0":1,"1":1,"2":1,"3":0,"4":0,"5":0,"6":0,"7":0,"8":0,"9":0,"10":0,"11":0,"12":0,"13":0,"14":0,"15":0,"16":0,"17":0,"18":0,"19":1,"20":0,"21":0,"22":0,"23":0},"f":{"0":1,"1":0,"2":0,"3":0,"4":1,"5":0,"6":0,"7":0,"8":0},"b":{"0":[0,0],"1":[0,0,0],"2":[0,0],"3":[0,0],"4":[0,0]},"_coverageSchema":"1a1c01bbd47fc00a2c39e90264f33305004495a9","hash":"bdf43056024db9457e682985b938bb6e871cf0be"}
,"/Users/joseph_shultz/Desktop/FrontEndCapstone/front-end-capstone/src/components/QuestionsAndAnswers/Modals/QModal.jsx": {"path":"/Users/joseph_shultz/Desktop/FrontEndCapstone/front-end-capstone/src/components/QuestionsAndAnswers/Modals/QModal.jsx","statementMap":{"0":{"start":{"line":7,"column":4},"end":{"line":7,"column":17}},"1":{"start":{"line":8,"column":4},"end":{"line":10,"column":5}},"2":{"start":{"line":14,"column":12},"end":{"line":48,"column":3}},"3":{"start":{"line":15,"column":4},"end":{"line":15,"column":22}},"4":{"start":{"line":16,"column":4},"end":{"line":16,"column":25}},"5":{"start":{"line":19,"column":4},"end":{"line":47,"column":8}},"6":{"start":{"line":28,"column":8},"end":{"line":28,"column":24}},"7":{"start":{"line":29,"column":8},"end":{"line":29,"column":27}},"8":{"start":{"line":32,"column":21},"end":{"line":32,"column":62}},"9":{"start":{"line":33,"column":8},"end":{"line":35,"column":9}},"10":{"start":{"line":34,"column":10},"end":{"line":34,"column":29}},"11":{"start":{"line":36,"column":8},"end":{"line":38,"column":9}},"12":{"start":{"line":37,"column":10},"end":{"line":37,"column":31}},"13":{"start":{"line":39,"column":8},"end":{"line":41,"column":9}},"14":{"start":{"line":40,"column":10},"end":{"line":40,"column":28}},"15":{"start":{"line":45,"column":8},"end":{"line":45,"column":21}},"16":{"start":{"line":46,"column":8},"end":{"line":46,"column":83}},"17":{"start":{"line":51,"column":4},"end":{"line":85,"column":5}},"18":{"start":{"line":55,"column":62},"end":{"line":55,"column":81}},"19":{"start":{"line":62,"column":79},"end":{"line":62,"column":122}},"20":{"start":{"line":66,"column":113},"end":{"line":66,"column":156}},"21":{"start":{"line":73,"column":130},"end":{"line":73,"column":170}}},"fnMap":{"0":{"name":"(anonymous_0)","decl":{"start":{"line":6,"column":2},"end":{"line":6,"column":3}},"loc":{"start":{"line":6,"column":21},"end":{"line":11,"column":3}},"line":6},"1":{"name":"(anonymous_1)","decl":{"start":{"line":14,"column":12},"end":{"line":14,"column":13}},"loc":{"start":{"line":14,"column":19},"end":{"line":48,"column":3}},"line":14},"2":{"name":"(anonymous_2)","decl":{"start":{"line":27,"column":12},"end":{"line":27,"column":13}},"loc":{"start":{"line":27,"column":21},"end":{"line":30,"column":7}},"line":27},"3":{"name":"(anonymous_3)","decl":{"start":{"line":31,"column":13},"end":{"line":31,"column":14}},"loc":{"start":{"line":31,"column":22},"end":{"line":47,"column":7}},"line":31},"4":{"name":"(anonymous_4)","decl":{"start":{"line":50,"column":2},"end":{"line":50,"column":3}},"loc":{"start":{"line":50,"column":11},"end":{"line":86,"column":3}},"line":50},"5":{"name":"(anonymous_5)","decl":{"start":{"line":55,"column":54},"end":{"line":55,"column":55}},"loc":{"start":{"line":55,"column":60},"end":{"line":55,"column":83}},"line":55},"6":{"name":"(anonymous_6)","decl":{"start":{"line":62,"column":70},"end":{"line":62,"column":71}},"loc":{"start":{"line":62,"column":77},"end":{"line":62,"column":124}},"line":62},"7":{"name":"(anonymous_7)","decl":{"start":{"line":66,"column":104},"end":{"line":66,"column":105}},"loc":{"start":{"line":66,"column":111},"end":{"line":66,"column":158}},"line":66},"8":{"name":"(anonymous_8)","decl":{"start":{"line":73,"column":121},"end":{"line":73,"column":122}},"loc":{"start":{"line":73,"column":128},"end":{"line":73,"column":172}},"line":73}},"branchMap":{"0":{"loc":{"start":{"line":33,"column":8},"end":{"line":35,"column":9}},"type":"if","locations":[{"start":{"line":33,"column":8},"end":{"line":35,"column":9}},{"start":{},"end":{}}],"line":33},"1":{"loc":{"start":{"line":36,"column":8},"end":{"line":38,"column":9}},"type":"if","locations":[{"start":{"line":36,"column":8},"end":{"line":38,"column":9}},{"start":{},"end":{}}],"line":36},"2":{"loc":{"start":{"line":39,"column":8},"end":{"line":41,"column":9}},"type":"if","locations":[{"start":{"line":39,"column":8},"end":{"line":41,"column":9}},{"start":{},"end":{}}],"line":39}},"s":{"0":1,"1":1,"2":1,"3":0,"4":0,"5":0,"6":0,"7":0,"8":0,"9":0,"10":0,"11":0,"12":0,"13":0,"14":0,"15":0,"16":0,"17":1,"18":0,"19":0,"20":0,"21":0},"f":{"0":1,"1":0,"2":0,"3":0,"4":1,"5":0,"6":0,"7":0,"8":0},"b":{"0":[0,0],"1":[0,0],"2":[0,0]},"_coverageSchema":"1a1c01bbd47fc00a2c39e90264f33305004495a9","hash":"d7373ebcf5a9d0388b0a01f779f406c9135492b6"}
,"/Users/joseph_shultz/Desktop/FrontEndCapstone/front-end-capstone/src/components/QuestionsAndAnswers/QuestionsList/AnswerItem.jsx": {"path":"/Users/joseph_shultz/Desktop/FrontEndCapstone/front-end-capstone/src/components/QuestionsAndAnswers/QuestionsList/AnswerItem.jsx","statementMap":{"0":{"start":{"line":7,"column":4},"end":{"line":7,"column":16}},"1":{"start":{"line":8,"column":4},"end":{"line":12,"column":5}},"2":{"start":{"line":17,"column":13},"end":{"line":37,"column":3}},"3":{"start":{"line":18,"column":4},"end":{"line":18,"column":33}},"4":{"start":{"line":21,"column":4},"end":{"line":33,"column":8}},"5":{"start":{"line":26,"column":8},"end":{"line":26,"column":80}},"6":{"start":{"line":27,"column":8},"end":{"line":29,"column":10}},"7":{"start":{"line":32,"column":8},"end":{"line":32,"column":57}},"8":{"start":{"line":40,"column":12},"end":{"line":58,"column":3}},"9":{"start":{"line":41,"column":4},"end":{"line":41,"column":32}},"10":{"start":{"line":42,"column":4},"end":{"line":57,"column":5}},"11":{"start":{"line":43,"column":6},"end":{"line":56,"column":10}},"12":{"start":{"line":48,"column":10},"end":{"line":48,"column":82}},"13":{"start":{"line":49,"column":10},"end":{"line":52,"column":12}},"14":{"start":{"line":55,"column":10},"end":{"line":55,"column":61}},"15":{"start":{"line":61,"column":16},"end":{"line":66,"column":3}},"16":{"start":{"line":62,"column":4},"end":{"line":65,"column":5}},"17":{"start":{"line":63,"column":6},"end":{"line":63,"column":41}},"18":{"start":{"line":64,"column":6},"end":{"line":64,"column":38}},"19":{"start":{"line":69,"column":21},"end":{"line":69,"column":31}},"20":{"start":{"line":70,"column":21},"end":{"line":70,"column":68}},"21":{"start":{"line":71,"column":4},"end":{"line":83,"column":5}},"22":{"start":{"line":80,"column":61},"end":{"line":80,"column":84}}},"fnMap":{"0":{"name":"(anonymous_0)","decl":{"start":{"line":6,"column":2},"end":{"line":6,"column":3}},"loc":{"start":{"line":6,"column":21},"end":{"line":13,"column":3}},"line":6},"1":{"name":"(anonymous_1)","decl":{"start":{"line":17,"column":13},"end":{"line":17,"column":14}},"loc":{"start":{"line":17,"column":21},"end":{"line":37,"column":3}},"line":17},"2":{"name":"(anonymous_2)","decl":{"start":{"line":25,"column":12},"end":{"line":25,"column":13}},"loc":{"start":{"line":25,"column":21},"end":{"line":30,"column":7}},"line":25},"3":{"name":"(anonymous_3)","decl":{"start":{"line":31,"column":13},"end":{"line":31,"column":14}},"loc":{"start":{"line":31,"column":22},"end":{"line":33,"column":7}},"line":31},"4":{"name":"(anonymous_4)","decl":{"start":{"line":40,"column":12},"end":{"line":40,"column":13}},"loc":{"start":{"line":40,"column":20},"end":{"line":58,"column":3}},"line":40},"5":{"name":"(anonymous_5)","decl":{"start":{"line":47,"column":14},"end":{"line":47,"column":15}},"loc":{"start":{"line":47,"column":23},"end":{"line":53,"column":9}},"line":47},"6":{"name":"(anonymous_6)","decl":{"start":{"line":54,"column":15},"end":{"line":54,"column":16}},"loc":{"start":{"line":54,"column":24},"end":{"line":56,"column":9}},"line":54},"7":{"name":"(anonymous_7)","decl":{"start":{"line":61,"column":16},"end":{"line":61,"column":17}},"loc":{"start":{"line":61,"column":22},"end":{"line":66,"column":3}},"line":61},"8":{"name":"(anonymous_8)","decl":{"start":{"line":68,"column":2},"end":{"line":68,"column":3}},"loc":{"start":{"line":68,"column":11},"end":{"line":84,"column":3}},"line":68},"9":{"name":"(anonymous_9)","decl":{"start":{"line":80,"column":53},"end":{"line":80,"column":54}},"loc":{"start":{"line":80,"column":59},"end":{"line":80,"column":86}},"line":80}},"branchMap":{"0":{"loc":{"start":{"line":42,"column":4},"end":{"line":57,"column":5}},"type":"if","locations":[{"start":{"line":42,"column":4},"end":{"line":57,"column":5}},{"start":{},"end":{}}],"line":42},"1":{"loc":{"start":{"line":62,"column":4},"end":{"line":65,"column":5}},"type":"if","locations":[{"start":{"line":62,"column":4},"end":{"line":65,"column":5}},{"start":{},"end":{}}],"line":62}},"s":{"0":0,"1":0,"2":0,"3":0,"4":0,"5":0,"6":0,"7":0,"8":0,"9":0,"10":0,"11":0,"12":0,"13":0,"14":0,"15":0,"16":0,"17":0,"18":0,"19":0,"20":0,"21":0,"22":0},"f":{"0":0,"1":0,"2":0,"3":0,"4":0,"5":0,"6":0,"7":0,"8":0,"9":0},"b":{"0":[0,0],"1":[0,0]},"_coverageSchema":"1a1c01bbd47fc00a2c39e90264f33305004495a9","hash":"48837f413a775122748c21fad0054a3cca265b40"}
,"/Users/joseph_shultz/Desktop/FrontEndCapstone/front-end-capstone/src/components/QuestionsAndAnswers/QuestionsList/QuestionItem.jsx": {"path":"/Users/joseph_shultz/Desktop/FrontEndCapstone/front-end-capstone/src/components/QuestionsAndAnswers/QuestionsList/QuestionItem.jsx","statementMap":{"0":{"start":{"line":9,"column":4},"end":{"line":9,"column":17}},"1":{"start":{"line":10,"column":4},"end":{"line":15,"column":5}},"2":{"start":{"line":19,"column":13},"end":{"line":41,"column":3}},"3":{"start":{"line":20,"column":4},"end":{"line":20,"column":35}},"4":{"start":{"line":22,"column":4},"end":{"line":37,"column":5}},"5":{"start":{"line":23,"column":28},"end":{"line":23,"column":43}},"6":{"start":{"line":24,"column":6},"end":{"line":36,"column":10}},"7":{"start":{"line":29,"column":10},"end":{"line":29,"column":85}},"8":{"start":{"line":30,"column":10},"end":{"line":32,"column":12}},"9":{"start":{"line":35,"column":10},"end":{"line":35,"column":61}},"10":{"start":{"line":44,"column":12},"end":{"line":68,"column":3}},"11":{"start":{"line":45,"column":4},"end":{"line":45,"column":34}},"12":{"start":{"line":49,"column":4},"end":{"line":65,"column":5}},"13":{"start":{"line":50,"column":28},"end":{"line":50,"column":43}},"14":{"start":{"line":51,"column":6},"end":{"line":64,"column":10}},"15":{"start":{"line":56,"column":10},"end":{"line":56,"column":84}},"16":{"start":{"line":57,"column":10},"end":{"line":60,"column":12}},"17":{"start":{"line":63,"column":10},"end":{"line":63,"column":61}},"18":{"start":{"line":80,"column":14},"end":{"line":90,"column":3}},"19":{"start":{"line":81,"column":4},"end":{"line":89,"column":5}},"20":{"start":{"line":82,"column":6},"end":{"line":84,"column":8}},"21":{"start":{"line":86,"column":6},"end":{"line":88,"column":8}},"22":{"start":{"line":93,"column":16},"end":{"line":98,"column":3}},"23":{"start":{"line":94,"column":4},"end":{"line":97,"column":5}},"24":{"start":{"line":95,"column":6},"end":{"line":95,"column":48}},"25":{"start":{"line":96,"column":6},"end":{"line":96,"column":45}},"26":{"start":{"line":103,"column":19},"end":{"line":103,"column":21}},"27":{"start":{"line":104,"column":17},"end":{"line":104,"column":19}},"28":{"start":{"line":105,"column":31},"end":{"line":105,"column":33}},"29":{"start":{"line":107,"column":59},"end":{"line":107,"column":74}},"30":{"start":{"line":108,"column":4},"end":{"line":108,"column":25}},"31":{"start":{"line":109,"column":4},"end":{"line":109,"column":32}},"32":{"start":{"line":112,"column":4},"end":{"line":114,"column":5}},"33":{"start":{"line":113,"column":6},"end":{"line":113,"column":34}},"34":{"start":{"line":117,"column":4},"end":{"line":119,"column":6}},"35":{"start":{"line":118,"column":6},"end":{"line":118,"column":43}},"36":{"start":{"line":122,"column":4},"end":{"line":124,"column":6}},"37":{"start":{"line":128,"column":4},"end":{"line":141,"column":5}},"38":{"start":{"line":131,"column":6},"end":{"line":137,"column":7}},"39":{"start":{"line":132,"column":8},"end":{"line":132,"column":33}},"40":{"start":{"line":133,"column":8},"end":{"line":133,"column":86}},"41":{"start":{"line":135,"column":8},"end":{"line":135,"column":28}},"42":{"start":{"line":136,"column":8},"end":{"line":136,"column":21}},"43":{"start":{"line":139,"column":6},"end":{"line":139,"column":19}},"44":{"start":{"line":140,"column":6},"end":{"line":140,"column":83}},"45":{"start":{"line":142,"column":4},"end":{"line":144,"column":6}},"46":{"start":{"line":143,"column":6},"end":{"line":143,"column":81}},"47":{"start":{"line":146,"column":4},"end":{"line":154,"column":5}},"48":{"start":{"line":149,"column":229},"end":{"line":149,"column":312}}},"fnMap":{"0":{"name":"(anonymous_0)","decl":{"start":{"line":8,"column":2},"end":{"line":8,"column":3}},"loc":{"start":{"line":8,"column":21},"end":{"line":16,"column":3}},"line":8},"1":{"name":"(anonymous_1)","decl":{"start":{"line":19,"column":13},"end":{"line":19,"column":14}},"loc":{"start":{"line":19,"column":19},"end":{"line":41,"column":3}},"line":19},"2":{"name":"(anonymous_2)","decl":{"start":{"line":28,"column":14},"end":{"line":28,"column":15}},"loc":{"start":{"line":28,"column":23},"end":{"line":33,"column":9}},"line":28},"3":{"name":"(anonymous_3)","decl":{"start":{"line":34,"column":15},"end":{"line":34,"column":16}},"loc":{"start":{"line":34,"column":24},"end":{"line":36,"column":9}},"line":34},"4":{"name":"(anonymous_4)","decl":{"start":{"line":44,"column":12},"end":{"line":44,"column":13}},"loc":{"start":{"line":44,"column":18},"end":{"line":68,"column":3}},"line":44},"5":{"name":"(anonymous_5)","decl":{"start":{"line":55,"column":14},"end":{"line":55,"column":15}},"loc":{"start":{"line":55,"column":23},"end":{"line":61,"column":9}},"line":55},"6":{"name":"(anonymous_6)","decl":{"start":{"line":62,"column":15},"end":{"line":62,"column":16}},"loc":{"start":{"line":62,"column":24},"end":{"line":64,"column":9}},"line":62},"7":{"name":"(anonymous_7)","decl":{"start":{"line":80,"column":14},"end":{"line":80,"column":15}},"loc":{"start":{"line":80,"column":20},"end":{"line":90,"column":3}},"line":80},"8":{"name":"(anonymous_8)","decl":{"start":{"line":93,"column":16},"end":{"line":93,"column":17}},"loc":{"start":{"line":93,"column":22},"end":{"line":98,"column":3}},"line":93},"9":{"name":"(anonymous_9)","decl":{"start":{"line":100,"column":2},"end":{"line":100,"column":3}},"loc":{"start":{"line":100,"column":11},"end":{"line":155,"column":3}},"line":100},"10":{"name":"(anonymous_10)","decl":{"start":{"line":117,"column":27},"end":{"line":117,"column":28}},"loc":{"start":{"line":117,"column":37},"end":{"line":119,"column":5}},"line":117},"11":{"name":"(anonymous_11)","decl":{"start":{"line":122,"column":19},"end":{"line":122,"column":20}},"loc":{"start":{"line":122,"column":29},"end":{"line":124,"column":5}},"line":122},"12":{"name":"(anonymous_12)","decl":{"start":{"line":142,"column":19},"end":{"line":142,"column":20}},"loc":{"start":{"line":143,"column":6},"end":{"line":143,"column":81}},"line":143},"13":{"name":"(anonymous_13)","decl":{"start":{"line":149,"column":224},"end":{"line":149,"column":225}},"loc":{"start":{"line":149,"column":228},"end":{"line":149,"column":313}},"line":149}},"branchMap":{"0":{"loc":{"start":{"line":22,"column":4},"end":{"line":37,"column":5}},"type":"if","locations":[{"start":{"line":22,"column":4},"end":{"line":37,"column":5}},{"start":{},"end":{}}],"line":22},"1":{"loc":{"start":{"line":49,"column":4},"end":{"line":65,"column":5}},"type":"if","locations":[{"start":{"line":49,"column":4},"end":{"line":65,"column":5}},{"start":{},"end":{}}],"line":49},"2":{"loc":{"start":{"line":81,"column":4},"end":{"line":89,"column":5}},"type":"if","locations":[{"start":{"line":81,"column":4},"end":{"line":89,"column":5}},{"start":{"line":85,"column":11},"end":{"line":89,"column":5}}],"line":81},"3":{"loc":{"start":{"line":94,"column":4},"end":{"line":97,"column":5}},"type":"if","locations":[{"start":{"line":94,"column":4},"end":{"line":97,"column":5}},{"start":{},"end":{}}],"line":94},"4":{"loc":{"start":{"line":128,"column":4},"end":{"line":141,"column":5}},"type":"if","locations":[{"start":{"line":128,"column":4},"end":{"line":141,"column":5}},{"start":{"line":138,"column":11},"end":{"line":141,"column":5}}],"line":128},"5":{"loc":{"start":{"line":131,"column":6},"end":{"line":137,"column":7}},"type":"if","locations":[{"start":{"line":131,"column":6},"end":{"line":137,"column":7}},{"start":{"line":134,"column":13},"end":{"line":137,"column":7}}],"line":131}},"s":{"0":0,"1":0,"2":0,"3":0,"4":0,"5":0,"6":0,"7":0,"8":0,"9":0,"10":0,"11":0,"12":0,"13":0,"14":0,"15":0,"16":0,"17":0,"18":0,"19":0,"20":0,"21":0,"22":0,"23":0,"24":0,"25":0,"26":0,"27":0,"28":0,"29":0,"30":0,"31":0,"32":0,"33":0,"34":0,"35":0,"36":0,"37":0,"38":0,"39":0,"40":0,"41":0,"42":0,"43":0,"44":0,"45":0,"46":0,"47":0,"48":0},"f":{"0":0,"1":0,"2":0,"3":0,"4":0,"5":0,"6":0,"7":0,"8":0,"9":0,"10":0,"11":0,"12":0,"13":0},"b":{"0":[0,0],"1":[0,0],"2":[0,0],"3":[0,0],"4":[0,0],"5":[0,0]},"_coverageSchema":"1a1c01bbd47fc00a2c39e90264f33305004495a9","hash":"1795ad53728c2ee4e124ed916c9030ec88daa27c"}
,"/Users/joseph_shultz/Desktop/FrontEndCapstone/front-end-capstone/src/components/QuestionsAndAnswers/QuestionsList/QuestionsList.jsx": {"path":"/Users/joseph_shultz/Desktop/FrontEndCapstone/front-end-capstone/src/components/QuestionsAndAnswers/QuestionsList/QuestionsList.jsx","statementMap":{"0":{"start":{"line":6,"column":4},"end":{"line":6,"column":17}},"1":{"start":{"line":7,"column":4},"end":{"line":9,"column":5}},"2":{"start":{"line":13,"column":16},"end":{"line":23,"column":3}},"3":{"start":{"line":14,"column":4},"end":{"line":22,"column":5}},"4":{"start":{"line":15,"column":6},"end":{"line":17,"column":8}},"5":{"start":{"line":19,"column":6},"end":{"line":21,"column":8}},"6":{"start":{"line":39,"column":4},"end":{"line":47,"column":5}},"7":{"start":{"line":40,"column":6},"end":{"line":44,"column":7}},"8":{"start":{"line":41,"column":8},"end":{"line":41,"column":52}},"9":{"start":{"line":43,"column":8},"end":{"line":43,"column":40}},"10":{"start":{"line":46,"column":6},"end":{"line":46,"column":38}},"11":{"start":{"line":50,"column":4},"end":{"line":52,"column":6}},"12":{"start":{"line":51,"column":6},"end":{"line":51,"column":114}},"13":{"start":{"line":54,"column":4},"end":{"line":58,"column":5}}},"fnMap":{"0":{"name":"(anonymous_0)","decl":{"start":{"line":5,"column":2},"end":{"line":5,"column":3}},"loc":{"start":{"line":5,"column":21},"end":{"line":10,"column":3}},"line":5},"1":{"name":"(anonymous_1)","decl":{"start":{"line":13,"column":16},"end":{"line":13,"column":17}},"loc":{"start":{"line":13,"column":22},"end":{"line":23,"column":3}},"line":13},"2":{"name":"(anonymous_2)","decl":{"start":{"line":35,"column":2},"end":{"line":35,"column":3}},"loc":{"start":{"line":35,"column":11},"end":{"line":59,"column":3}},"line":35},"3":{"name":"(anonymous_3)","decl":{"start":{"line":50,"column":25},"end":{"line":50,"column":26}},"loc":{"start":{"line":51,"column":6},"end":{"line":51,"column":114}},"line":51}},"branchMap":{"0":{"loc":{"start":{"line":14,"column":4},"end":{"line":22,"column":5}},"type":"if","locations":[{"start":{"line":14,"column":4},"end":{"line":22,"column":5}},{"start":{"line":18,"column":11},"end":{"line":22,"column":5}}],"line":14},"1":{"loc":{"start":{"line":39,"column":4},"end":{"line":47,"column":5}},"type":"if","locations":[{"start":{"line":39,"column":4},"end":{"line":47,"column":5}},{"start":{"line":45,"column":11},"end":{"line":47,"column":5}}],"line":39},"2":{"loc":{"start":{"line":40,"column":6},"end":{"line":44,"column":7}},"type":"if","locations":[{"start":{"line":40,"column":6},"end":{"line":44,"column":7}},{"start":{"line":42,"column":13},"end":{"line":44,"column":7}}],"line":40}},"s":{"0":0,"1":0,"2":0,"3":0,"4":0,"5":0,"6":0,"7":0,"8":0,"9":0,"10":0,"11":0,"12":0,"13":0},"f":{"0":0,"1":0,"2":0,"3":0},"b":{"0":[0,0],"1":[0,0],"2":[0,0]},"_coverageSchema":"1a1c01bbd47fc00a2c39e90264f33305004495a9","hash":"5d539e6430b97f62e6c93c19acf2b62fd1f47093"}
}
